<?xml version="1.0" encoding="UTF-8"?>
<coverage generated="1760719168302" clover="3.2.0">
  <project timestamp="1760719168302" name="All files">
    <metrics statements="18" coveredstatements="8" conditionals="2" coveredconditionals="0" methods="6" coveredmethods="2" elements="26" coveredelements="10" complexity="0" loc="18" ncloc="18" packages="2" files="2" classes="2"/>
    <package name="components">
      <metrics statements="2" coveredstatements="2" conditionals="0" coveredconditionals="0" methods="1" coveredmethods="1"/>
      <file name="FormButton.jsx" path="/home/jose-ramirez/Documentos/6to Semestre/Ingenieria de software 2/Proyecto_Final/Engineering2_project_NeoCDT/front_end/src/components/FormButton.jsx">
        <metrics statements="2" coveredstatements="2" conditionals="0" coveredconditionals="0" methods="1" coveredmethods="1"/>
        <line num="1" count="1" type="stmt"/>
        <line num="2" count="1" type="stmt"/>
      </file>
    </package>
    <package name="pages">
      <metrics statements="16" coveredstatements="6" conditionals="2" coveredconditionals="0" methods="5" coveredmethods="1"/>
      <file name="Register.jsx" path="/home/jose-ramirez/Documentos/6to Semestre/Ingenieria de software 2/Proyecto_Final/Engineering2_project_NeoCDT/front_end/src/pages/Register.jsx">
        <metrics statements="16" coveredstatements="6" conditionals="2" coveredconditionals="0" methods="5" coveredmethods="1"/>
        <line num="7" count="1" type="stmt"/>
        <line num="9" count="1" type="stmt"/>
        <line num="11" count="1" type="stmt"/>
        <line num="13" count="1" type="stmt"/>
        <line num="14" count="0" type="stmt"/>
        <line num="15" count="0" type="stmt"/>
        <line num="18" count="1" type="stmt"/>
        <line num="19" count="0" type="stmt"/>
        <line num="20" count="0" type="stmt"/>
        <line num="21" count="0" type="stmt"/>
        <line num="22" count="0" type="stmt"/>
        <line num="23" count="0" type="stmt"/>
        <line num="25" count="0" type="cond" truecount="0" falsecount="2"/>
        <line num="29" count="1" type="stmt"/>
        <line num="81" count="0" type="stmt"/>
        <line num="83" count="0" type="stmt"/>
      </file>
    </package>
  </project>
</coverage>
