{"C:\\Users\\Samuel\\Desktop\\SAMUEL\\Ingenieria de Software 2\\Engineering2_project_NeoCDT\\front_end\\src\\components\\FormButton.jsx": {"path":"C:\\Users\\Samuel\\Desktop\\SAMUEL\\Ingenieria de Software 2\\Engineering2_project_NeoCDT\\front_end\\src\\components\\FormButton.jsx","statementMap":{"0":{"start":{"line":1,"column":26},"end":{"line":5,"column":1}},"1":{"start":{"line":2,"column":4},"end":{"line":4,"column":5}}},"fnMap":{"0":{"name":"(anonymous_0)","decl":{"start":{"line":1,"column":26},"end":{"line":1,"column":27}},"loc":{"start":{"line":1,"column":47},"end":{"line":5,"column":1}},"line":1}},"branchMap":{},"s":{"0":1,"1":2},"f":{"0":2},"b":{},"_coverageSchema":"1a1c01bbd47fc00a2c39e90264f33305004495a9","hash":"ba03407723d44bd994915b8468d381e0b0b21d85"}
,"C:\\Users\\Samuel\\Desktop\\SAMUEL\\Ingenieria de Software 2\\Engineering2_project_NeoCDT\\front_end\\src\\pages\\Register.jsx": {"path":"C:\\Users\\Samuel\\Desktop\\SAMUEL\\Ingenieria de Software 2\\Engineering2_project_NeoCDT\\front_end\\src\\pages\\Register.jsx","statementMap":{"0":{"start":{"line":7,"column":24},"end":{"line":88,"column":1}},"1":{"start":{"line":9,"column":21},"end":{"line":9,"column":34}},"2":{"start":{"line":11,"column":36},"end":{"line":11,"column":161}},"3":{"start":{"line":13,"column":25},"end":{"line":16,"column":5}},"4":{"start":{"line":14,"column":30},"end":{"line":14,"column":38}},"5":{"start":{"line":15,"column":8},"end":{"line":15,"column":51}},"6":{"start":{"line":18,"column":25},"end":{"line":27,"column":5}},"7":{"start":{"line":19,"column":8},"end":{"line":19,"column":27}},"8":{"start":{"line":20,"column":8},"end":{"line":26,"column":9}},"9":{"start":{"line":21,"column":12},"end":{"line":21,"column":85}},"10":{"start":{"line":22,"column":12},"end":{"line":22,"column":45}},"11":{"start":{"line":23,"column":12},"end":{"line":23,"column":25}},"12":{"start":{"line":25,"column":12},"end":{"line":25,"column":69}},"13":{"start":{"line":29,"column":4},"end":{"line":87,"column":5}},"14":{"start":{"line":82,"column":38},"end":{"line":82,"column":51}},"15":{"start":{"line":84,"column":34},"end":{"line":84,"column":59}}},"fnMap":{"0":{"name":"(anonymous_0)","decl":{"start":{"line":7,"column":24},"end":{"line":7,"column":25}},"loc":{"start":{"line":7,"column":30},"end":{"line":88,"column":1}},"line":7},"1":{"name":"(anonymous_1)","decl":{"start":{"line":13,"column":25},"end":{"line":13,"column":26}},"loc":{"start":{"line":13,"column":32},"end":{"line":16,"column":5}},"line":13},"2":{"name":"(anonymous_2)","decl":{"start":{"line":18,"column":25},"end":{"line":18,"column":26}},"loc":{"start":{"line":18,"column":38},"end":{"line":27,"column":5}},"line":18},"3":{"name":"(anonymous_3)","decl":{"start":{"line":82,"column":32},"end":{"line":82,"column":33}},"loc":{"start":{"line":82,"column":38},"end":{"line":82,"column":51}},"line":82},"4":{"name":"(anonymous_4)","decl":{"start":{"line":84,"column":28},"end":{"line":84,"column":29}},"loc":{"start":{"line":84,"column":34},"end":{"line":84,"column":59}},"line":84}},"branchMap":{"0":{"loc":{"start":{"line":25,"column":18},"end":{"line":25,"column":68}},"type":"binary-expr","locations":[{"start":{"line":25,"column":18},"end":{"line":25,"column":44}},{"start":{"line":25,"column":48},"end":{"line":25,"column":68}}],"line":25}},"s":{"0":1,"1":2,"2":2,"3":2,"4":0,"5":0,"6":2,"7":0,"8":0,"9":0,"10":0,"11":0,"12":0,"13":2,"14":1,"15":0},"f":{"0":2,"1":0,"2":0,"3":1,"4":0},"b":{"0":[0,0]},"_coverageSchema":"1a1c01bbd47fc00a2c39e90264f33305004495a9","hash":"c54020752754b9dc80d79e4ba8e06ed9c550105c"}
}
