<?xml version="1.0" encoding="UTF-8"?>
<coverage generated="1760720890313" clover="3.2.0">
  <project timestamp="1760720890313" name="All files">
    <metrics statements="13" coveredstatements="10" conditionals="6" coveredconditionals="3" methods="2" coveredmethods="2" elements="21" coveredelements="15" complexity="0" loc="13" ncloc="13" packages="1" files="1" classes="1"/>
    <file name="UsuarioService.js" path="C:\Users\dhfdi\OneDrive\Escritorio\Engineering2_proyect\Engineering2_project_NeoCDT\back_end\src\Services\UsuarioService.js">
      <metrics statements="13" coveredstatements="10" conditionals="6" coveredconditionals="3" methods="2" coveredmethods="2"/>
      <line num="3" count="1" type="stmt"/>
      <line num="4" count="1" type="stmt"/>
      <line num="7" count="1" type="cond" truecount="1" falsecount="1"/>
      <line num="8" count="0" type="stmt"/>
      <line num="10" count="1" type="stmt"/>
      <line num="11" count="1" type="stmt"/>
      <line num="14" count="1" type="stmt"/>
      <line num="15" count="1" type="stmt"/>
      <line num="18" count="1" type="cond" truecount="1" falsecount="1"/>
      <line num="19" count="0" type="stmt"/>
      <line num="21" count="1" type="cond" truecount="1" falsecount="1"/>
      <line num="22" count="0" type="stmt"/>
      <line num="25" count="1" type="stmt"/>
    </file>
  </project>
</coverage>
