{"C:\\Users\\KEVIN\\Desktop\\6to Semestre\\Inge. de software 2\\Engineering2_project_NeoCDT\\back_end\\src\\Config\\configDatabase.js": {"path":"C:\\Users\\KEVIN\\Desktop\\6to Semestre\\Inge. de software 2\\Engineering2_project_NeoCDT\\back_end\\src\\Config\\configDatabase.js","statementMap":{"0":{"start":{"line":2,"column":18},"end":{"line":5,"column":2}},"1":{"start":{"line":6,"column":23},"end":{"line":13,"column":1}},"2":{"start":{"line":7,"column":4},"end":{"line":12,"column":5}},"3":{"start":{"line":8,"column":8},"end":{"line":8,"column":39}},"4":{"start":{"line":9,"column":8},"end":{"line":9,"column":65}},"5":{"start":{"line":11,"column":8},"end":{"line":11,"column":61}},"6":{"start":{"line":15,"column":15},"end":{"line":15,"column":90}},"7":{"start":{"line":17,"column":0},"end":{"line":19,"column":1}},"8":{"start":{"line":18,"column":4},"end":{"line":18,"column":21}},"9":{"start":{"line":21,"column":0},"end":{"line":21,"column":17}}},"fnMap":{"0":{"name":"(anonymous_0)","decl":{"start":{"line":6,"column":23},"end":{"line":6,"column":24}},"loc":{"start":{"line":6,"column":33},"end":{"line":13,"column":1}},"line":6}},"branchMap":{"0":{"loc":{"start":{"line":15,"column":15},"end":{"line":15,"column":90}},"type":"binary-expr","locations":[{"start":{"line":15,"column":15},"end":{"line":15,"column":46}},{"start":{"line":15,"column":50},"end":{"line":15,"column":90}}],"line":15},"1":{"loc":{"start":{"line":17,"column":0},"end":{"line":19,"column":1}},"type":"if","locations":[{"start":{"line":17,"column":0},"end":{"line":19,"column":1}},{"start":{},"end":{}}],"line":17}},"s":{"0":1,"1":1,"2":1,"3":1,"4":0,"5":0,"6":1,"7":1,"8":0,"9":1},"f":{"0":1},"b":{"0":[1,0],"1":[0,1]},"_coverageSchema":"1a1c01bbd47fc00a2c39e90264f33305004495a9","hash":"2c2862638c7b1931847233c04631893992dd757c"}
,"C:\\Users\\KEVIN\\Desktop\\6to Semestre\\Inge. de software 2\\Engineering2_project_NeoCDT\\back_end\\src\\Models\\UsuarioModel.js": {"path":"C:\\Users\\KEVIN\\Desktop\\6to Semestre\\Inge. de software 2\\Engineering2_project_NeoCDT\\back_end\\src\\Models\\UsuarioModel.js","statementMap":{"0":{"start":{"line":4,"column":16},"end":{"line":35,"column":1}}},"fnMap":{},"branchMap":{},"s":{"0":1},"f":{},"b":{},"_coverageSchema":"1a1c01bbd47fc00a2c39e90264f33305004495a9","hash":"d4265d6a5cb8072346d442d50191294cc75f1464"}
,"C:\\Users\\KEVIN\\Desktop\\6to Semestre\\Inge. de software 2\\Engineering2_project_NeoCDT\\back_end\\src\\Services\\UsuarioService.js": {"path":"C:\\Users\\KEVIN\\Desktop\\6to Semestre\\Inge. de software 2\\Engineering2_project_NeoCDT\\back_end\\src\\Services\\UsuarioService.js","statementMap":{"0":{"start":{"line":3,"column":21},"end":{"line":12,"column":1}},"1":{"start":{"line":4,"column":28},"end":{"line":6,"column":6}},"2":{"start":{"line":7,"column":4},"end":{"line":9,"column":5}},"3":{"start":{"line":8,"column":8},"end":{"line":8,"column":63}},"4":{"start":{"line":10,"column":25},"end":{"line":10,"column":54}},"5":{"start":{"line":11,"column":4},"end":{"line":11,"column":24}},"6":{"start":{"line":14,"column":28},"end":{"line":26,"column":1}},"7":{"start":{"line":15,"column":29},"end":{"line":17,"column":6}},"8":{"start":{"line":18,"column":4},"end":{"line":24,"column":5}},"9":{"start":{"line":19,"column":8},"end":{"line":19,"column":65}},"10":{"start":{"line":21,"column":8},"end":{"line":23,"column":9}},"11":{"start":{"line":22,"column":12},"end":{"line":22,"column":53}},"12":{"start":{"line":25,"column":4},"end":{"line":25,"column":28}}},"fnMap":{"0":{"name":"(anonymous_0)","decl":{"start":{"line":3,"column":21},"end":{"line":3,"column":22}},"loc":{"start":{"line":3,"column":39},"end":{"line":12,"column":1}},"line":3},"1":{"name":"(anonymous_1)","decl":{"start":{"line":14,"column":28},"end":{"line":14,"column":29}},"loc":{"start":{"line":14,"column":57},"end":{"line":26,"column":1}},"line":14}},"branchMap":{"0":{"loc":{"start":{"line":7,"column":4},"end":{"line":9,"column":5}},"type":"if","locations":[{"start":{"line":7,"column":4},"end":{"line":9,"column":5}},{"start":{},"end":{}}],"line":7},"1":{"loc":{"start":{"line":18,"column":4},"end":{"line":24,"column":5}},"type":"if","locations":[{"start":{"line":18,"column":4},"end":{"line":24,"column":5}},{"start":{"line":20,"column":9},"end":{"line":24,"column":5}}],"line":18},"2":{"loc":{"start":{"line":21,"column":8},"end":{"line":23,"column":9}},"type":"if","locations":[{"start":{"line":21,"column":8},"end":{"line":23,"column":9}},{"start":{},"end":{}}],"line":21}},"s":{"0":1,"1":1,"2":1,"3":0,"4":1,"5":1,"6":1,"7":1,"8":1,"9":0,"10":1,"11":0,"12":1},"f":{"0":1,"1":1},"b":{"0":[0,1],"1":[0,1],"2":[0,1]},"_coverageSchema":"1a1c01bbd47fc00a2c39e90264f33305004495a9","hash":"17b759567bb2971fe7ba9fd2a7e08b6ee4a3845f"}
,"C:\\Users\\KEVIN\\Desktop\\6to Semestre\\Inge. de software 2\\Engineering2_project_NeoCDT\\back_end\\src\\Services\\solicitudCDTService.js": {"path":"C:\\Users\\KEVIN\\Desktop\\6to Semestre\\Inge. de software 2\\Engineering2_project_NeoCDT\\back_end\\src\\Services\\solicitudCDTService.js","statementMap":{"0":{"start":{"line":7,"column":8},"end":{"line":7,"column":59}},"1":{"start":{"line":7,"column":50},"end":{"line":7,"column":59}},"2":{"start":{"line":10,"column":28},"end":{"line":10,"column":32}},"3":{"start":{"line":11,"column":25},"end":{"line":11,"column":51}},"4":{"start":{"line":12,"column":29},"end":{"line":12,"column":68}},"5":{"start":{"line":13,"column":8},"end":{"line":13,"column":28}},"6":{"start":{"line":17,"column":25},"end":{"line":17,"column":54}},"7":{"start":{"line":18,"column":27},"end":{"line":18,"column":51}},"8":{"start":{"line":19,"column":8},"end":{"line":19,"column":26}},"9":{"start":{"line":23,"column":8},"end":{"line":23,"column":58}},"10":{"start":{"line":26,"column":40},"end":{"line":77,"column":5}},"11":{"start":{"line":30,"column":21},"end":{"line":30,"column":25}},"12":{"start":{"line":31,"column":8},"end":{"line":37,"column":9}},"13":{"start":{"line":32,"column":12},"end":{"line":32,"column":64}},"14":{"start":{"line":33,"column":39},"end":{"line":35,"column":14}},"15":{"start":{"line":36,"column":12},"end":{"line":36,"column":42}},"16":{"start":{"line":38,"column":8},"end":{"line":38,"column":43}},"17":{"start":{"line":40,"column":8},"end":{"line":40,"column":38}},"18":{"start":{"line":42,"column":27},"end":{"line":42,"column":49}},"19":{"start":{"line":44,"column":8},"end":{"line":49,"column":9}},"20":{"start":{"line":45,"column":12},"end":{"line":45,"column":29}},"21":{"start":{"line":47,"column":12},"end":{"line":47,"column":48}},"22":{"start":{"line":48,"column":12},"end":{"line":48,"column":61}},"23":{"start":{"line":48,"column":44},"end":{"line":48,"column":61}},"24":{"start":{"line":50,"column":8},"end":{"line":50,"column":46}},"25":{"start":{"line":53,"column":21},"end":{"line":53,"column":37}},"26":{"start":{"line":54,"column":34},"end":{"line":54,"column":52}},"27":{"start":{"line":55,"column":8},"end":{"line":66,"column":9}},"28":{"start":{"line":56,"column":12},"end":{"line":56,"column":26}},"29":{"start":{"line":58,"column":30},"end":{"line":58,"column":51}},"30":{"start":{"line":59,"column":12},"end":{"line":65,"column":13}},"31":{"start":{"line":61,"column":16},"end":{"line":61,"column":30}},"32":{"start":{"line":64,"column":16},"end":{"line":64,"column":35}},"33":{"start":{"line":67,"column":8},"end":{"line":67,"column":34}},"34":{"start":{"line":70,"column":29},"end":{"line":70,"column":76}},"35":{"start":{"line":71,"column":27},"end":{"line":71,"column":84}},"36":{"start":{"line":72,"column":8},"end":{"line":72,"column":45}},"37":{"start":{"line":73,"column":8},"end":{"line":73,"column":45}},"38":{"start":{"line":75,"column":31},"end":{"line":75,"column":67}},"39":{"start":{"line":76,"column":8},"end":{"line":76,"column":30}},"40":{"start":{"line":79,"column":35},"end":{"line":187,"column":5}},"41":{"start":{"line":81,"column":31},"end":{"line":81,"column":35}},"42":{"start":{"line":82,"column":8},"end":{"line":86,"column":9}},"43":{"start":{"line":83,"column":12},"end":{"line":85,"column":15}},"44":{"start":{"line":89,"column":8},"end":{"line":93,"column":9}},"45":{"start":{"line":90,"column":12},"end":{"line":92,"column":13}},"46":{"start":{"line":91,"column":16},"end":{"line":91,"column":83}},"47":{"start":{"line":96,"column":8},"end":{"line":144,"column":9}},"48":{"start":{"line":98,"column":31},"end":{"line":98,"column":53}},"49":{"start":{"line":99,"column":12},"end":{"line":101,"column":13}},"50":{"start":{"line":100,"column":16},"end":{"line":100,"column":84}},"51":{"start":{"line":102,"column":12},"end":{"line":102,"column":48}},"52":{"start":{"line":103,"column":12},"end":{"line":105,"column":13}},"53":{"start":{"line":104,"column":16},"end":{"line":104,"column":84}},"54":{"start":{"line":108,"column":25},"end":{"line":108,"column":41}},"55":{"start":{"line":109,"column":38},"end":{"line":109,"column":59}},"56":{"start":{"line":110,"column":12},"end":{"line":119,"column":13}},"57":{"start":{"line":112,"column":16},"end":{"line":112,"column":83}},"58":{"start":{"line":114,"column":34},"end":{"line":114,"column":55}},"59":{"start":{"line":115,"column":16},"end":{"line":115,"column":82}},"60":{"start":{"line":116,"column":16},"end":{"line":118,"column":17}},"61":{"start":{"line":117,"column":20},"end":{"line":117,"column":108}},"62":{"start":{"line":120,"column":12},"end":{"line":120,"column":38}},"63":{"start":{"line":124,"column":25},"end":{"line":124,"column":29}},"64":{"start":{"line":125,"column":12},"end":{"line":131,"column":13}},"65":{"start":{"line":126,"column":16},"end":{"line":126,"column":68}},"66":{"start":{"line":127,"column":43},"end":{"line":129,"column":18}},"67":{"start":{"line":130,"column":16},"end":{"line":130,"column":46}},"68":{"start":{"line":132,"column":12},"end":{"line":132,"column":47}},"69":{"start":{"line":133,"column":12},"end":{"line":133,"column":46}},"70":{"start":{"line":134,"column":12},"end":{"line":134,"column":50}},"71":{"start":{"line":137,"column":33},"end":{"line":137,"column":80}},"72":{"start":{"line":138,"column":31},"end":{"line":138,"column":78}},"73":{"start":{"line":139,"column":12},"end":{"line":139,"column":49}},"74":{"start":{"line":140,"column":12},"end":{"line":140,"column":49}},"75":{"start":{"line":142,"column":35},"end":{"line":142,"column":71}},"76":{"start":{"line":143,"column":12},"end":{"line":143,"column":34}},"77":{"start":{"line":148,"column":25},"end":{"line":148,"column":54}},"78":{"start":{"line":149,"column":26},"end":{"line":149,"column":49}},"79":{"start":{"line":152,"column":8},"end":{"line":159,"column":9}},"80":{"start":{"line":153,"column":31},"end":{"line":153,"column":61}},"81":{"start":{"line":154,"column":12},"end":{"line":156,"column":13}},"82":{"start":{"line":155,"column":16},"end":{"line":155,"column":84}},"83":{"start":{"line":157,"column":12},"end":{"line":157,"column":55}},"84":{"start":{"line":158,"column":12},"end":{"line":158,"column":36}},"85":{"start":{"line":162,"column":8},"end":{"line":170,"column":9}},"86":{"start":{"line":163,"column":38},"end":{"line":163,"column":59}},"87":{"start":{"line":164,"column":30},"end":{"line":164,"column":61}},"88":{"start":{"line":165,"column":12},"end":{"line":167,"column":13}},"89":{"start":{"line":166,"column":16},"end":{"line":166,"column":98}},"90":{"start":{"line":168,"column":12},"end":{"line":168,"column":48}},"91":{"start":{"line":169,"column":12},"end":{"line":169,"column":36}},"92":{"start":{"line":173,"column":8},"end":{"line":176,"column":9}},"93":{"start":{"line":175,"column":12},"end":{"line":175,"column":129}},"94":{"start":{"line":179,"column":29},"end":{"line":179,"column":68}},"95":{"start":{"line":180,"column":27},"end":{"line":180,"column":80}},"96":{"start":{"line":181,"column":8},"end":{"line":181,"column":52}},"97":{"start":{"line":182,"column":8},"end":{"line":182,"column":52}},"98":{"start":{"line":183,"column":8},"end":{"line":183,"column":49}},"99":{"start":{"line":184,"column":8},"end":{"line":184,"column":38}},"100":{"start":{"line":186,"column":8},"end":{"line":186,"column":32}},"101":{"start":{"line":189,"column":35},"end":{"line":202,"column":5}},"102":{"start":{"line":190,"column":33},"end":{"line":192,"column":10}},"103":{"start":{"line":194,"column":8},"end":{"line":196,"column":9}},"104":{"start":{"line":195,"column":12},"end":{"line":195,"column":55}},"105":{"start":{"line":198,"column":8},"end":{"line":198,"column":46}},"106":{"start":{"line":199,"column":8},"end":{"line":199,"column":38}},"107":{"start":{"line":201,"column":8},"end":{"line":201,"column":32}},"108":{"start":{"line":204,"column":31},"end":{"line":220,"column":3}},"109":{"start":{"line":205,"column":29},"end":{"line":207,"column":6}},"110":{"start":{"line":209,"column":4},"end":{"line":211,"column":5}},"111":{"start":{"line":210,"column":8},"end":{"line":210,"column":51}},"112":{"start":{"line":213,"column":4},"end":{"line":219,"column":5}},"113":{"start":{"line":214,"column":8},"end":{"line":214,"column":46}},"114":{"start":{"line":215,"column":8},"end":{"line":215,"column":38}},"115":{"start":{"line":216,"column":8},"end":{"line":216,"column":71}},"116":{"start":{"line":218,"column":8},"end":{"line":218,"column":69}},"117":{"start":{"line":222,"column":31},"end":{"line":235,"column":3}},"118":{"start":{"line":224,"column":29},"end":{"line":226,"column":6}},"119":{"start":{"line":228,"column":4},"end":{"line":230,"column":5}},"120":{"start":{"line":229,"column":8},"end":{"line":229,"column":52}},"121":{"start":{"line":232,"column":4},"end":{"line":232,"column":37}},"122":{"start":{"line":233,"column":4},"end":{"line":233,"column":64}},"123":{"start":{"line":237,"column":38},"end":{"line":248,"column":3}},"124":{"start":{"line":239,"column":34},"end":{"line":241,"column":6}},"125":{"start":{"line":243,"column":4},"end":{"line":245,"column":5}},"126":{"start":{"line":244,"column":8},"end":{"line":244,"column":57}},"127":{"start":{"line":247,"column":4},"end":{"line":247,"column":33}},"128":{"start":{"line":250,"column":37},"end":{"line":264,"column":3}},"129":{"start":{"line":252,"column":33},"end":{"line":256,"column":6}},"130":{"start":{"line":258,"column":4},"end":{"line":260,"column":5}},"131":{"start":{"line":259,"column":8},"end":{"line":259,"column":77}},"132":{"start":{"line":262,"column":4},"end":{"line":262,"column":32}}},"fnMap":{"0":{"name":"calcularInteresCDT","decl":{"start":{"line":5,"column":14},"end":{"line":5,"column":32}},"loc":{"start":{"line":5,"column":47},"end":{"line":14,"column":5}},"line":5},"1":{"name":"calcularGananciaCDT","decl":{"start":{"line":16,"column":13},"end":{"line":16,"column":32}},"loc":{"start":{"line":16,"column":62},"end":{"line":20,"column":5}},"line":16},"2":{"name":"generarNumeroSolicitudAleatorio","decl":{"start":{"line":22,"column":13},"end":{"line":22,"column":44}},"loc":{"start":{"line":22,"column":46},"end":{"line":24,"column":5}},"line":22},"3":{"name":"(anonymous_3)","decl":{"start":{"line":26,"column":40},"end":{"line":26,"column":41}},"loc":{"start":{"line":26,"column":60},"end":{"line":77,"column":5}},"line":26},"4":{"name":"(anonymous_4)","decl":{"start":{"line":79,"column":35},"end":{"line":79,"column":36}},"loc":{"start":{"line":79,"column":56},"end":{"line":187,"column":5}},"line":79},"5":{"name":"(anonymous_5)","decl":{"start":{"line":189,"column":35},"end":{"line":189,"column":36}},"loc":{"start":{"line":189,"column":69},"end":{"line":202,"column":5}},"line":189},"6":{"name":"(anonymous_6)","decl":{"start":{"line":204,"column":31},"end":{"line":204,"column":32}},"loc":{"start":{"line":204,"column":52},"end":{"line":220,"column":3}},"line":204},"7":{"name":"(anonymous_7)","decl":{"start":{"line":222,"column":31},"end":{"line":222,"column":32}},"loc":{"start":{"line":222,"column":52},"end":{"line":235,"column":3}},"line":222},"8":{"name":"(anonymous_8)","decl":{"start":{"line":237,"column":38},"end":{"line":237,"column":39}},"loc":{"start":{"line":237,"column":60},"end":{"line":248,"column":3}},"line":237},"9":{"name":"(anonymous_9)","decl":{"start":{"line":250,"column":37},"end":{"line":250,"column":38}},"loc":{"start":{"line":250,"column":49},"end":{"line":264,"column":3}},"line":250}},"branchMap":{"0":{"loc":{"start":{"line":7,"column":8},"end":{"line":7,"column":59}},"type":"if","locations":[{"start":{"line":7,"column":8},"end":{"line":7,"column":59}},{"start":{},"end":{}}],"line":7},"1":{"loc":{"start":{"line":7,"column":12},"end":{"line":7,"column":48}},"type":"binary-expr","locations":[{"start":{"line":7,"column":12},"end":{"line":7,"column":26}},{"start":{"line":7,"column":30},"end":{"line":7,"column":48}}],"line":7},"2":{"loc":{"start":{"line":44,"column":8},"end":{"line":49,"column":9}},"type":"if","locations":[{"start":{"line":44,"column":8},"end":{"line":49,"column":9}},{"start":{"line":46,"column":15},"end":{"line":49,"column":9}}],"line":44},"3":{"loc":{"start":{"line":44,"column":12},"end":{"line":44,"column":86}},"type":"binary-expr","locations":[{"start":{"line":44,"column":12},"end":{"line":44,"column":38}},{"start":{"line":44,"column":42},"end":{"line":44,"column":63}},{"start":{"line":44,"column":67},"end":{"line":44,"column":86}}],"line":44},"4":{"loc":{"start":{"line":48,"column":12},"end":{"line":48,"column":61}},"type":"if","locations":[{"start":{"line":48,"column":12},"end":{"line":48,"column":61}},{"start":{},"end":{}}],"line":48},"5":{"loc":{"start":{"line":55,"column":8},"end":{"line":66,"column":9}},"type":"if","locations":[{"start":{"line":55,"column":8},"end":{"line":66,"column":9}},{"start":{"line":57,"column":15},"end":{"line":66,"column":9}}],"line":55},"6":{"loc":{"start":{"line":55,"column":12},"end":{"line":55,"column":83}},"type":"binary-expr","locations":[{"start":{"line":55,"column":12},"end":{"line":55,"column":32}},{"start":{"line":55,"column":36},"end":{"line":55,"column":51}},{"start":{"line":55,"column":55},"end":{"line":55,"column":83}}],"line":55},"7":{"loc":{"start":{"line":59,"column":12},"end":{"line":65,"column":13}},"type":"if","locations":[{"start":{"line":59,"column":12},"end":{"line":65,"column":13}},{"start":{"line":62,"column":19},"end":{"line":65,"column":13}}],"line":59},"8":{"loc":{"start":{"line":70,"column":48},"end":{"line":70,"column":75}},"type":"cond-expr","locations":[{"start":{"line":70,"column":57},"end":{"line":70,"column":71}},{"start":{"line":70,"column":74},"end":{"line":70,"column":75}}],"line":70},"9":{"loc":{"start":{"line":82,"column":8},"end":{"line":86,"column":9}},"type":"if","locations":[{"start":{"line":82,"column":8},"end":{"line":86,"column":9}},{"start":{},"end":{}}],"line":82},"10":{"loc":{"start":{"line":89,"column":8},"end":{"line":93,"column":9}},"type":"if","locations":[{"start":{"line":89,"column":8},"end":{"line":93,"column":9}},{"start":{},"end":{}}],"line":89},"11":{"loc":{"start":{"line":90,"column":12},"end":{"line":92,"column":13}},"type":"if","locations":[{"start":{"line":90,"column":12},"end":{"line":92,"column":13}},{"start":{},"end":{}}],"line":90},"12":{"loc":{"start":{"line":90,"column":16},"end":{"line":90,"column":83}},"type":"binary-expr","locations":[{"start":{"line":90,"column":16},"end":{"line":90,"column":41}},{"start":{"line":90,"column":45},"end":{"line":90,"column":83}}],"line":90},"13":{"loc":{"start":{"line":96,"column":8},"end":{"line":144,"column":9}},"type":"if","locations":[{"start":{"line":96,"column":8},"end":{"line":144,"column":9}},{"start":{},"end":{}}],"line":96},"14":{"loc":{"start":{"line":99,"column":12},"end":{"line":101,"column":13}},"type":"if","locations":[{"start":{"line":99,"column":12},"end":{"line":101,"column":13}},{"start":{},"end":{}}],"line":99},"15":{"loc":{"start":{"line":99,"column":16},"end":{"line":99,"column":105}},"type":"binary-expr","locations":[{"start":{"line":99,"column":16},"end":{"line":99,"column":42}},{"start":{"line":99,"column":46},"end":{"line":99,"column":67}},{"start":{"line":99,"column":71},"end":{"line":99,"column":105}}],"line":99},"16":{"loc":{"start":{"line":103,"column":12},"end":{"line":105,"column":13}},"type":"if","locations":[{"start":{"line":103,"column":12},"end":{"line":105,"column":13}},{"start":{},"end":{}}],"line":103},"17":{"loc":{"start":{"line":103,"column":16},"end":{"line":103,"column":63}},"type":"binary-expr","locations":[{"start":{"line":103,"column":16},"end":{"line":103,"column":42}},{"start":{"line":103,"column":46},"end":{"line":103,"column":63}}],"line":103},"18":{"loc":{"start":{"line":110,"column":12},"end":{"line":119,"column":13}},"type":"if","locations":[{"start":{"line":110,"column":12},"end":{"line":119,"column":13}},{"start":{"line":113,"column":19},"end":{"line":119,"column":13}}],"line":110},"19":{"loc":{"start":{"line":110,"column":16},"end":{"line":110,"column":87}},"type":"binary-expr","locations":[{"start":{"line":110,"column":16},"end":{"line":110,"column":36}},{"start":{"line":110,"column":40},"end":{"line":110,"column":55}},{"start":{"line":110,"column":59},"end":{"line":110,"column":87}}],"line":110},"20":{"loc":{"start":{"line":115,"column":25},"end":{"line":115,"column":81}},"type":"cond-expr","locations":[{"start":{"line":115,"column":65},"end":{"line":115,"column":74}},{"start":{"line":115,"column":77},"end":{"line":115,"column":81}}],"line":115},"21":{"loc":{"start":{"line":116,"column":16},"end":{"line":118,"column":17}},"type":"if","locations":[{"start":{"line":116,"column":16},"end":{"line":118,"column":17}},{"start":{},"end":{}}],"line":116},"22":{"loc":{"start":{"line":137,"column":52},"end":{"line":137,"column":79}},"type":"cond-expr","locations":[{"start":{"line":137,"column":61},"end":{"line":137,"column":75}},{"start":{"line":137,"column":78},"end":{"line":137,"column":79}}],"line":137},"23":{"loc":{"start":{"line":152,"column":8},"end":{"line":159,"column":9}},"type":"if","locations":[{"start":{"line":152,"column":8},"end":{"line":159,"column":9}},{"start":{},"end":{}}],"line":152},"24":{"loc":{"start":{"line":152,"column":14},"end":{"line":152,"column":133}},"type":"binary-expr","locations":[{"start":{"line":152,"column":14},"end":{"line":152,"column":50}},{"start":{"line":152,"column":54},"end":{"line":152,"column":85}},{"start":{"line":152,"column":89},"end":{"line":152,"column":133}}],"line":152},"25":{"loc":{"start":{"line":154,"column":12},"end":{"line":156,"column":13}},"type":"if","locations":[{"start":{"line":154,"column":12},"end":{"line":156,"column":13}},{"start":{},"end":{}}],"line":154},"26":{"loc":{"start":{"line":154,"column":16},"end":{"line":154,"column":59}},"type":"binary-expr","locations":[{"start":{"line":154,"column":16},"end":{"line":154,"column":40}},{"start":{"line":154,"column":44},"end":{"line":154,"column":59}}],"line":154},"27":{"loc":{"start":{"line":162,"column":8},"end":{"line":170,"column":9}},"type":"if","locations":[{"start":{"line":162,"column":8},"end":{"line":170,"column":9}},{"start":{},"end":{}}],"line":162},"28":{"loc":{"start":{"line":162,"column":14},"end":{"line":162,"column":115}},"type":"binary-expr","locations":[{"start":{"line":162,"column":14},"end":{"line":162,"column":44}},{"start":{"line":162,"column":48},"end":{"line":162,"column":73}},{"start":{"line":162,"column":77},"end":{"line":162,"column":115}}],"line":162},"29":{"loc":{"start":{"line":165,"column":12},"end":{"line":167,"column":13}},"type":"if","locations":[{"start":{"line":165,"column":12},"end":{"line":167,"column":13}},{"start":{},"end":{}}],"line":165},"30":{"loc":{"start":{"line":173,"column":8},"end":{"line":176,"column":9}},"type":"if","locations":[{"start":{"line":173,"column":8},"end":{"line":176,"column":9}},{"start":{},"end":{}}],"line":173},"31":{"loc":{"start":{"line":173,"column":12},"end":{"line":174,"column":98}},"type":"binary-expr","locations":[{"start":{"line":173,"column":12},"end":{"line":173,"column":36}},{"start":{"line":173,"column":40},"end":{"line":173,"column":59}},{"start":{"line":173,"column":63},"end":{"line":173,"column":86}},{"start":{"line":174,"column":12},"end":{"line":174,"column":37}},{"start":{"line":174,"column":41},"end":{"line":174,"column":61}},{"start":{"line":174,"column":65},"end":{"line":174,"column":98}}],"line":173},"32":{"loc":{"start":{"line":194,"column":8},"end":{"line":196,"column":9}},"type":"if","locations":[{"start":{"line":194,"column":8},"end":{"line":196,"column":9}},{"start":{},"end":{}}],"line":194},"33":{"loc":{"start":{"line":209,"column":4},"end":{"line":211,"column":5}},"type":"if","locations":[{"start":{"line":209,"column":4},"end":{"line":211,"column":5}},{"start":{},"end":{}}],"line":209},"34":{"loc":{"start":{"line":213,"column":4},"end":{"line":219,"column":5}},"type":"if","locations":[{"start":{"line":213,"column":4},"end":{"line":219,"column":5}},{"start":{"line":217,"column":11},"end":{"line":219,"column":5}}],"line":213},"35":{"loc":{"start":{"line":213,"column":8},"end":{"line":213,"column":92}},"type":"binary-expr","locations":[{"start":{"line":213,"column":8},"end":{"line":213,"column":46}},{"start":{"line":213,"column":50},"end":{"line":213,"column":92}}],"line":213},"36":{"loc":{"start":{"line":228,"column":4},"end":{"line":230,"column":5}},"type":"if","locations":[{"start":{"line":228,"column":4},"end":{"line":230,"column":5}},{"start":{},"end":{}}],"line":228},"37":{"loc":{"start":{"line":243,"column":4},"end":{"line":245,"column":5}},"type":"if","locations":[{"start":{"line":243,"column":4},"end":{"line":245,"column":5}},{"start":{},"end":{}}],"line":243},"38":{"loc":{"start":{"line":243,"column":8},"end":{"line":243,"column":68}},"type":"binary-expr","locations":[{"start":{"line":243,"column":8},"end":{"line":243,"column":30}},{"start":{"line":243,"column":34},"end":{"line":243,"column":68}}],"line":243},"39":{"loc":{"start":{"line":258,"column":4},"end":{"line":260,"column":5}},"type":"if","locations":[{"start":{"line":258,"column":4},"end":{"line":260,"column":5}},{"start":{},"end":{}}],"line":258},"40":{"loc":{"start":{"line":258,"column":8},"end":{"line":258,"column":66}},"type":"binary-expr","locations":[{"start":{"line":258,"column":8},"end":{"line":258,"column":29}},{"start":{"line":258,"column":33},"end":{"line":258,"column":66}}],"line":258}},"s":{"0":3,"1":0,"2":3,"3":3,"4":3,"5":3,"6":3,"7":3,"8":3,"9":2,"10":1,"11":1,"12":1,"13":1,"14":1,"15":1,"16":1,"17":1,"18":1,"19":1,"20":0,"21":1,"22":1,"23":0,"24":1,"25":1,"26":1,"27":1,"28":0,"29":1,"30":1,"31":0,"32":1,"33":1,"34":1,"35":1,"36":1,"37":1,"38":1,"39":1,"40":1,"41":4,"42":4,"43":2,"44":4,"45":4,"46":2,"47":2,"48":1,"49":1,"50":0,"51":1,"52":1,"53":0,"54":1,"55":1,"56":1,"57":0,"58":1,"59":1,"60":1,"61":0,"62":1,"63":1,"64":1,"65":1,"66":1,"67":1,"68":1,"69":1,"70":1,"71":1,"72":1,"73":1,"74":1,"75":1,"76":1,"77":1,"78":1,"79":1,"80":1,"81":1,"82":0,"83":1,"84":1,"85":1,"86":1,"87":1,"88":1,"89":0,"90":1,"91":1,"92":1,"93":0,"94":1,"95":1,"96":1,"97":1,"98":1,"99":1,"100":1,"101":1,"102":0,"103":0,"104":0,"105":0,"106":0,"107":0,"108":1,"109":0,"110":0,"111":0,"112":0,"113":0,"114":0,"115":0,"116":0,"117":1,"118":0,"119":0,"120":0,"121":0,"122":0,"123":1,"124":0,"125":0,"126":0,"127":0,"128":1,"129":0,"130":0,"131":0,"132":0},"f":{"0":3,"1":3,"2":2,"3":1,"4":4,"5":0,"6":0,"7":0,"8":0,"9":0},"b":{"0":[0,3],"1":[3,3],"2":[0,1],"3":[1,1,1],"4":[0,1],"5":[0,1],"6":[1,1,1],"7":[0,1],"8":[1,0],"9":[2,2],"10":[4,0],"11":[2,2],"12":[4,4],"13":[1,1],"14":[0,1],"15":[1,1,1],"16":[0,1],"17":[1,1],"18":[0,1],"19":[1,1,1],"20":[1,0],"21":[0,1],"22":[1,0],"23":[1,0],"24":[1,1,1],"25":[0,1],"26":[1,1],"27":[1,0],"28":[1,1,1],"29":[0,1],"30":[0,1],"31":[1,1,1,1,1,1],"32":[0,0],"33":[0,0],"34":[0,0],"35":[0,0],"36":[0,0],"37":[0,0],"38":[0,0],"39":[0,0],"40":[0,0]},"_coverageSchema":"1a1c01bbd47fc00a2c39e90264f33305004495a9","hash":"cf572268ba45cc3e1b1f5f0ebd77286d7ffc8ff3"}
}
