TN:
SF:src\Config\configDatabase.js
FN:6,(anonymous_0)
FNF:1
FNH:1
FNDA:1,(anonymous_0)
DA:2,1
DA:6,1
DA:7,1
DA:8,1
DA:9,0
DA:11,0
DA:15,1
DA:17,1
DA:18,0
DA:21,1
LF:10
LH:7
BRDA:15,0,0,1
BRDA:15,0,1,0
BRDA:17,1,0,0
BRDA:17,1,1,1
BRF:4
BRH:2
end_of_record
TN:
SF:src\Models\UsuarioModel.js
FNF:0
FNH:0
DA:4,1
LF:1
LH:1
BRF:0
BRH:0
end_of_record
TN:
SF:src\Services\UsuarioService.js
FN:3,(anonymous_0)
FN:14,(anonymous_1)
FNF:2
FNH:2
FNDA:1,(anonymous_0)
FNDA:1,(anonymous_1)
DA:3,1
DA:4,1
DA:7,1
DA:8,0
DA:10,1
DA:11,1
DA:14,1
DA:15,1
DA:18,1
DA:19,0
DA:21,1
DA:22,0
DA:25,1
LF:13
LH:10
BRDA:7,0,0,0
BRDA:7,0,1,1
BRDA:18,1,0,0
BRDA:18,1,1,1
BRDA:21,2,0,0
BRDA:21,2,1,1
BRF:6
BRH:3
end_of_record
TN:
SF:src\Services\solicitudCDTService.js
FN:5,calcularInteresCDT
FN:16,calcularGananciaCDT
FN:22,generarNumeroSolicitudAleatorio
FN:26,(anonymous_3)
FN:79,(anonymous_4)
FN:189,(anonymous_5)
FN:204,(anonymous_6)
FN:222,(anonymous_7)
FN:237,(anonymous_8)
FN:250,(anonymous_9)
FNF:10
FNH:5
FNDA:3,calcularInteresCDT
FNDA:3,calcularGananciaCDT
FNDA:2,generarNumeroSolicitudAleatorio
FNDA:1,(anonymous_3)
FNDA:4,(anonymous_4)
FNDA:0,(anonymous_5)
FNDA:0,(anonymous_6)
FNDA:0,(anonymous_7)
FNDA:0,(anonymous_8)
FNDA:0,(anonymous_9)
DA:7,3
DA:10,3
DA:11,3
DA:12,3
DA:13,3
DA:17,3
DA:18,3
DA:19,3
DA:23,2
DA:26,1
DA:30,1
DA:31,1
DA:32,1
DA:33,1
DA:36,1
DA:38,1
DA:40,1
DA:42,1
DA:44,1
DA:45,0
DA:47,1
DA:48,1
DA:50,1
DA:53,1
DA:54,1
DA:55,1
DA:56,0
DA:58,1
DA:59,1
DA:61,0
DA:64,1
DA:67,1
DA:70,1
DA:71,1
DA:72,1
DA:73,1
DA:75,1
DA:76,1
DA:79,1
DA:81,4
DA:82,4
DA:83,2
DA:89,4
DA:90,4
DA:91,2
DA:96,2
DA:98,1
DA:99,1
DA:100,0
DA:102,1
DA:103,1
DA:104,0
DA:108,1
DA:109,1
DA:110,1
DA:112,0
DA:114,1
DA:115,1
DA:116,1
DA:117,0
DA:120,1
DA:124,1
DA:125,1
DA:126,1
DA:127,1
DA:130,1
DA:132,1
DA:133,1
DA:134,1
DA:137,1
DA:138,1
DA:139,1
DA:140,1
DA:142,1
DA:143,1
DA:148,1
DA:149,1
DA:152,1
DA:153,1
DA:154,1
DA:155,0
DA:157,1
DA:158,1
DA:162,1
DA:163,1
DA:164,1
DA:165,1
DA:166,0
DA:168,1
DA:169,1
DA:173,1
DA:175,0
DA:179,1
DA:180,1
DA:181,1
DA:182,1
DA:183,1
DA:184,1
DA:186,1
DA:189,1
DA:190,0
DA:194,0
DA:195,0
DA:198,0
DA:199,0
DA:201,0
DA:204,1
DA:205,0
DA:209,0
DA:210,0
DA:213,0
DA:214,0
DA:215,0
DA:216,0
DA:218,0
DA:222,1
DA:224,0
DA:228,0
DA:229,0
DA:232,0
DA:233,0
DA:237,1
DA:239,0
DA:243,0
DA:244,0
DA:247,0
DA:250,1
DA:252,0
DA:258,0
DA:259,0
DA:262,0
LF:131
LH:94
BRDA:7,0,0,0
BRDA:7,0,1,3
BRDA:7,1,0,3
BRDA:7,1,1,3
BRDA:44,2,0,0
BRDA:44,2,1,1
BRDA:44,3,0,1
BRDA:44,3,1,1
BRDA:44,3,2,1
BRDA:48,4,0,0
BRDA:48,4,1,1
BRDA:55,5,0,0
BRDA:55,5,1,1
BRDA:55,6,0,1
BRDA:55,6,1,1
BRDA:55,6,2,1
BRDA:59,7,0,0
BRDA:59,7,1,1
BRDA:70,8,0,1
BRDA:70,8,1,0
BRDA:82,9,0,2
BRDA:82,9,1,2
BRDA:89,10,0,4
BRDA:89,10,1,0
BRDA:90,11,0,2
BRDA:90,11,1,2
BRDA:90,12,0,4
BRDA:90,12,1,4
BRDA:96,13,0,1
BRDA:96,13,1,1
BRDA:99,14,0,0
BRDA:99,14,1,1
BRDA:99,15,0,1
BRDA:99,15,1,1
BRDA:99,15,2,1
BRDA:103,16,0,0
BRDA:103,16,1,1
BRDA:103,17,0,1
BRDA:103,17,1,1
BRDA:110,18,0,0
BRDA:110,18,1,1
BRDA:110,19,0,1
BRDA:110,19,1,1
BRDA:110,19,2,1
BRDA:115,20,0,1
BRDA:115,20,1,0
BRDA:116,21,0,0
BRDA:116,21,1,1
BRDA:137,22,0,1
BRDA:137,22,1,0
BRDA:152,23,0,1
BRDA:152,23,1,0
BRDA:152,24,0,1
BRDA:152,24,1,1
BRDA:152,24,2,1
BRDA:154,25,0,0
BRDA:154,25,1,1
BRDA:154,26,0,1
BRDA:154,26,1,1
BRDA:162,27,0,1
BRDA:162,27,1,0
BRDA:162,28,0,1
BRDA:162,28,1,1
BRDA:162,28,2,1
BRDA:165,29,0,0
BRDA:165,29,1,1
BRDA:173,30,0,0
BRDA:173,30,1,1
BRDA:173,31,0,1
BRDA:173,31,1,1
BRDA:173,31,2,1
BRDA:173,31,3,1
BRDA:173,31,4,1
BRDA:173,31,5,1
BRDA:194,32,0,0
BRDA:194,32,1,0
BRDA:209,33,0,0
BRDA:209,33,1,0
BRDA:213,34,0,0
BRDA:213,34,1,0
BRDA:213,35,0,0
BRDA:213,35,1,0
BRDA:228,36,0,0
BRDA:228,36,1,0
BRDA:243,37,0,0
BRDA:243,37,1,0
BRDA:243,38,0,0
BRDA:243,38,1,0
BRDA:258,39,0,0
BRDA:258,39,1,0
BRDA:258,40,0,0
BRDA:258,40,1,0
BRF:92
BRH:56
end_of_record
